<?xml version="1.0" encoding="UTF-8"?>
<!-- Generated by org.testng.reporters.JUnitReportReporter -->
<testsuite skipped="0" hostname="DESKTOP-9OFD6HA" name="selendroid.Tests.TouchActionTest" tests="1" failures="0" timestamp="2020-04-16T07:51:47 PKT" time="14.046" errors="0">
  <testcase name="verifyLongPress" time="14.046" classname="selendroid.Tests.TouchActionTest"/>
  <system-out/>
</testsuite> <!-- selendroid.Tests.TouchActionTest -->
