<?xml version="1.0" encoding="UTF-8"?>
<!-- Generated by org.testng.reporters.JUnitReportReporter -->
<testsuite skipped="0" hostname="DESKTOP-9OFD6HA" name="selendroid.Tests.DisplayTextTest" tests="1" failures="0" timestamp="2020-04-16T10:50:42 PKT" time="11.781" errors="0">
  <testcase name="verifyText" time="11.781" classname="selendroid.Tests.DisplayTextTest"/>
  <system-out/>
</testsuite> <!-- selendroid.Tests.DisplayTextTest -->
