<?xml version="1.0" encoding="UTF-8"?>
<!-- Generated by org.testng.reporters.JUnitReportReporter -->
<testsuite skipped="0" hostname="DESKTOP-9OFD6HA" name="selendroid.Tests.RegistrationTest" tests="1" failures="0" timestamp="2020-04-16T10:50:42 PKT" time="28.633" errors="0">
  <testcase name="verifyRegistration" time="28.633" classname="selendroid.Tests.RegistrationTest"/>
  <system-out/>
</testsuite> <!-- selendroid.Tests.RegistrationTest -->
