<?xml version="1.0" encoding="UTF-8"?>
<!-- Generated by org.testng.reporters.JUnitReportReporter -->
<testsuite skipped="0" hostname="DESKTOP-9OFD6HA" name="selendroid.Tests.ToastMsgTest" tests="1" failures="0" timestamp="2020-04-16T10:50:42 PKT" time="14.126" errors="0">
  <testcase name="verifyToast" time="14.126" classname="selendroid.Tests.ToastMsgTest"/>
  <system-out/>
</testsuite> <!-- selendroid.Tests.ToastMsgTest -->
